#
# There is insufficient memory for the Java Runtime Environment to continue.
# Native memory allocation (malloc) failed to allocate 2396368 bytes for Chunk::new
# Possible reasons:
#   The system is out of physical RAM or swap space
#   The process is running with CompressedOops enabled, and the Java Heap may be blocking the growth of the native heap
# Possible solutions:
#   Reduce memory load on the system
#   Increase physical memory or swap space
#   Check if swap backing store is full
#   Decrease Java heap size (-Xmx/-Xms)
#   Decrease number of Java threads
#   Decrease Java thread stack sizes (-Xss)
#   Set larger code cache with -XX:ReservedCodeCacheSize=
#   JVM is running with Unscaled Compressed Oops mode in which the Java heap is
#     placed in the first 4GB address space. The Java Heap base address is the
#     maximum limit for the native heap growth. Please use -XX:HeapBaseMinAddress
#     to set the Java Heap base and to place the Java Heap above 4GB virtual address.
# This output file may be truncated or incomplete.
#
#  Out of Memory Error (allocation.cpp:390), pid=7708, tid=0x0000000000000d7c
#
# JRE version: Java(TM) SE Runtime Environment (8.0_192-b12) (build 1.8.0_192-b12)
# Java VM: Java HotSpot(TM) 64-Bit Server VM (25.192-b12 mixed mode windows-amd64 compressed oops)
# Failed to write core dump. Minidumps are not enabled by default on client versions of Windows
#

---------------  T H R E A D  ---------------

Current thread (0x0000000019e9c800):  JavaThread "C2 CompilerThread0" daemon [_thread_in_native, id=3452, stack(0x000000001a650000,0x000000001a750000)]

Stack: [0x000000001a650000,0x000000001a750000]
[error occurred during error reporting (printing stack bounds), id 0xc0000005]

Native frames: (J=compiled Java code, j=interpreted, Vv=VM code, C=native code)


Current CompileTask:
C2:   4331 2369 %     4       org.eclipse.jdt.launching.internal.org.objectweb.asm.ClassReader::readCode @ 71 (5071 bytes)


---------------  P R O C E S S  ---------------

Java Threads: ( => current thread )
  0x000000001c86c800 JavaThread "restartedMain" [_thread_in_Java, id=7996, stack(0x000000001f620000,0x000000001f720000)]
  0x000000001b62b000 JavaThread "Thread-0" [_thread_blocked, id=2992, stack(0x000000001cff0000,0x000000001d0f0000)]
  0x0000000019e96800 JavaThread "Service Thread" daemon [_thread_blocked, id=3972, stack(0x000000001a950000,0x000000001aa50000)]
  0x0000000019e89800 JavaThread "C1 CompilerThread2" daemon [_thread_blocked, id=7356, stack(0x000000001a850000,0x000000001a950000)]
  0x0000000019e89000 JavaThread "C2 CompilerThread1" daemon [_thread_in_native, id=8392, stack(0x000000001a750000,0x000000001a850000)]
=>0x0000000019e9c800 JavaThread "C2 CompilerThread0" daemon [_thread_in_native, id=3452, stack(0x000000001a650000,0x000000001a750000)]
  0x0000000017dc2000 JavaThread "JDWP Command Reader" daemon [_thread_in_native, id=10416, stack(0x0000000019950000,0x0000000019a50000)]
  0x0000000017dc0000 JavaThread "JDWP Event Helper Thread" daemon [_thread_blocked, id=11172, stack(0x0000000019850000,0x0000000019950000)]
  0x0000000017db0800 JavaThread "JDWP Transport Listener: dt_socket" daemon [_thread_blocked, id=7480, stack(0x0000000019750000,0x0000000019850000)]
  0x0000000017da7000 JavaThread "Attach Listener" daemon [_thread_blocked, id=7520, stack(0x0000000019310000,0x0000000019410000)]
  0x0000000017da6000 JavaThread "Signal Dispatcher" daemon [_thread_blocked, id=10720, stack(0x0000000019210000,0x0000000019310000)]
  0x0000000017d90000 JavaThread "Finalizer" daemon [_thread_blocked, id=6756, stack(0x0000000018ff0000,0x00000000190f0000)]
  0x00000000030f5000 JavaThread "Reference Handler" daemon [_thread_blocked, id=9220, stack(0x0000000018ef0000,0x0000000018ff0000)]
  0x0000000003007000 JavaThread "main" [_thread_blocked, id=10524, stack(0x0000000002eb0000,0x0000000002fb0000)]

Other Threads:
  0x0000000017d68000 VMThread [stack: 0x0000000018df0000,0x0000000018ef0000] [id=4548]
  0x0000000019f41000 WatcherThread [stack: 0x000000001abb0000,0x000000001acb0000] [id=10448]

VM state:not at safepoint (normal execution)

VM Mutex/Monitor currently owned by a thread: None

heap address: 0x0000000081400000, size: 2028 MB, Compressed Oops mode: 32-bit
Narrow klass base: 0x0000000000000000, Narrow klass shift: 3
Compressed class space size: 1073741824 Address: 0x0000000100000000

Heap:
 PSYoungGen      total 138240K, used 48063K [0x00000000d5c00000, 0x00000000e6100000, 0x0000000100000000)
  eden space 131072K, 31% used [0x00000000d5c00000,0x00000000d8458ae0,0x00000000ddc00000)
  from space 7168K, 94% used [0x00000000de500000,0x00000000deb972a0,0x00000000dec00000)
  to   space 9216K, 0% used [0x00000000ddc00000,0x00000000ddc00000,0x00000000de500000)
 ParOldGen       total 43008K, used 4703K [0x0000000081400000, 0x0000000083e00000, 0x00000000d5c00000)
  object space 43008K, 10% used [0x0000000081400000,0x0000000081897c58,0x0000000083e00000)
 Metaspace       used 26931K, capacity 27720K, committed 28032K, reserved 1073152K
  class space    used 3404K, capacity 3599K, committed 3712K, reserved 1048576K

Card table byte_map: [0x00000000125c0000,0x00000000129c0000] byte_map_base: 0x00000000121b6000

Marking Bits: (ParMarkBitMap*) 0x0000000055203ce0
 Begin Bits: [0x0000000013070000, 0x0000000015020000)
 End Bits:   [0x0000000015020000, 0x0000000016fd0000)

Polling page: 0x0000000000fe0000

CodeCache: size=245760Kb used=10933Kb max_used=10933Kb free=234826Kb
 bounds [0x0000000003200000, 0x0000000003cc0000, 0x0000000012200000]
 total_blobs=2994 nmethods=2596 adapters=318
 compilation: enabled

Compilation events (10 events):
Event: 4.251 Thread 0x0000000019e89000 nmethod 2523 0x0000000003c94890 code [0x0000000003c949e0, 0x0000000003c94b18]
Event: 4.251 Thread 0x0000000019e89000 2498       4       org.springframework.util.StringUtils::hasLength (17 bytes)
Event: 4.251 Thread 0x0000000019e89000 nmethod 2498 0x0000000003c94610 code [0x0000000003c94740, 0x0000000003c947d8]
Event: 4.251 Thread 0x0000000019e89000 2527       4       java.lang.reflect.Method::getParameterTypes (11 bytes)
Event: 4.252 Thread 0x0000000019e89000 nmethod 2527 0x0000000003c94290 code [0x0000000003c943e0, 0x0000000003c94538]
Event: 4.252 Thread 0x0000000019e89000 2525       4       java.util.zip.Inflater::ensureOpen (47 bytes)
Event: 4.253 Thread 0x0000000019e89000 nmethod 2525 0x0000000003c93fd0 code [0x0000000003c94100, 0x0000000003c941b8]
Event: 4.253 Thread 0x0000000019e89000 2480       4       java.nio.DirectLongBufferU::get (16 bytes)
Event: 4.253 Thread 0x0000000019e89000 nmethod 2480 0x0000000003c93d50 code [0x0000000003c93e80, 0x0000000003c93f18]
Event: 4.253 Thread 0x0000000019e89000 2535       4       jdk.internal.org.objectweb.asm.Item::set (143 bytes)

GC Heap History (10 events):
Event: 1.645 GC heap before
{Heap before GC invocations=5 (full 0):
 PSYoungGen      total 71680K, used 70878K [0x00000000d5c00000, 0x00000000da700000, 0x0000000100000000)
  eden space 66560K, 100% used [0x00000000d5c00000,0x00000000d9d00000,0x00000000d9d00000)
  from space 5120K, 84% used [0x00000000da200000,0x00000000da6378f0,0x00000000da700000)
  to   space 5120K, 0% used [0x00000000d9d00000,0x00000000d9d00000,0x00000000da200000)
 ParOldGen       total 87552K, used 40K [0x0000000081400000, 0x0000000086980000, 0x00000000d5c00000)
  object space 87552K, 0% used [0x0000000081400000,0x000000008140a000,0x0000000086980000)
 Metaspace       used 16354K, capacity 16882K, committed 17152K, reserved 1064960K
  class space    used 2085K, capacity 2222K, committed 2304K, reserved 1048576K
Event: 1.654 GC heap after
Heap after GC invocations=5 (full 0):
 PSYoungGen      total 71680K, used 5111K [0x00000000d5c00000, 0x00000000dec00000, 0x0000000100000000)
  eden space 66560K, 0% used [0x00000000d5c00000,0x00000000d5c00000,0x00000000d9d00000)
  from space 5120K, 99% used [0x00000000d9d00000,0x00000000da1fdf58,0x00000000da200000)
  to   space 7168K, 0% used [0x00000000de500000,0x00000000de500000,0x00000000dec00000)
 ParOldGen       total 87552K, used 1793K [0x0000000081400000, 0x0000000086980000, 0x00000000d5c00000)
  object space 87552K, 2% used [0x0000000081400000,0x00000000815c04d0,0x0000000086980000)
 Metaspace       used 16354K, capacity 16882K, committed 17152K, reserved 1064960K
  class space    used 2085K, capacity 2222K, committed 2304K, reserved 1048576K
}
Event: 1.966 GC heap before
{Heap before GC invocations=6 (full 0):
 PSYoungGen      total 71680K, used 71671K [0x00000000d5c00000, 0x00000000dec00000, 0x0000000100000000)
  eden space 66560K, 100% used [0x00000000d5c00000,0x00000000d9d00000,0x00000000d9d00000)
  from space 5120K, 99% used [0x00000000d9d00000,0x00000000da1fdf58,0x00000000da200000)
  to   space 7168K, 0% used [0x00000000de500000,0x00000000de500000,0x00000000dec00000)
 ParOldGen       total 87552K, used 1793K [0x0000000081400000, 0x0000000086980000, 0x00000000d5c00000)
  object space 87552K, 2% used [0x0000000081400000,0x00000000815c04d0,0x0000000086980000)
 Metaspace       used 20367K, capacity 20960K, committed 21248K, reserved 1067008K
  class space    used 2554K, capacity 2707K, committed 2816K, reserved 1048576K
Event: 1.976 GC heap after
Heap after GC invocations=6 (full 0):
 PSYoungGen      total 138752K, used 7166K [0x00000000d5c00000, 0x00000000def00000, 0x0000000100000000)
  eden space 131584K, 0% used [0x00000000d5c00000,0x00000000d5c00000,0x00000000ddc80000)
  from space 7168K, 99% used [0x00000000de500000,0x00000000debff9f0,0x00000000dec00000)
  to   space 8704K, 0% used [0x00000000ddc80000,0x00000000ddc80000,0x00000000de500000)
 ParOldGen       total 87552K, used 2389K [0x0000000081400000, 0x0000000086980000, 0x00000000d5c00000)
  object space 87552K, 2% used [0x0000000081400000,0x00000000816554f8,0x0000000086980000)
 Metaspace       used 20367K, capacity 20960K, committed 21248K, reserved 1067008K
  class space    used 2554K, capacity 2707K, committed 2816K, reserved 1048576K
}
Event: 2.001 GC heap before
{Heap before GC invocations=7 (full 0):
 PSYoungGen      total 138752K, used 12549K [0x00000000d5c00000, 0x00000000def00000, 0x0000000100000000)
  eden space 131584K, 4% used [0x00000000d5c00000,0x00000000d6141a70,0x00000000ddc80000)
  from space 7168K, 99% used [0x00000000de500000,0x00000000debff9f0,0x00000000dec00000)
  to   space 8704K, 0% used [0x00000000ddc80000,0x00000000ddc80000,0x00000000de500000)
 ParOldGen       total 87552K, used 2389K [0x0000000081400000, 0x0000000086980000, 0x00000000d5c00000)
  object space 87552K, 2% used [0x0000000081400000,0x00000000816554f8,0x0000000086980000)
 Metaspace       used 20550K, capacity 21120K, committed 21248K, reserved 1067008K
  class space    used 2578K, capacity 2739K, committed 2816K, reserved 1048576K
Event: 2.048 GC heap after
Heap after GC invocations=7 (full 0):
 PSYoungGen      total 140288K, used 2798K [0x00000000d5c00000, 0x00000000def00000, 0x0000000100000000)
  eden space 131584K, 0% used [0x00000000d5c00000,0x00000000d5c00000,0x00000000ddc80000)
  from space 8704K, 32% used [0x00000000ddc80000,0x00000000ddf3bb28,0x00000000de500000)
  to   space 7168K, 0% used [0x00000000de500000,0x00000000de500000,0x00000000dec00000)
 ParOldGen       total 87552K, used 4313K [0x0000000081400000, 0x0000000086980000, 0x00000000d5c00000)
  object space 87552K, 4% used [0x0000000081400000,0x0000000081836710,0x0000000086980000)
 Metaspace       used 20550K, capacity 21120K, committed 21248K, reserved 1067008K
  class space    used 2578K, capacity 2739K, committed 2816K, reserved 1048576K
}
Event: 2.048 GC heap before
{Heap before GC invocations=8 (full 1):
 PSYoungGen      total 140288K, used 2798K [0x00000000d5c00000, 0x00000000def00000, 0x0000000100000000)
  eden space 131584K, 0% used [0x00000000d5c00000,0x00000000d5c00000,0x00000000ddc80000)
  from space 8704K, 32% used [0x00000000ddc80000,0x00000000ddf3bb28,0x00000000de500000)
  to   space 7168K, 0% used [0x00000000de500000,0x00000000de500000,0x00000000dec00000)
 ParOldGen       total 87552K, used 4313K [0x0000000081400000, 0x0000000086980000, 0x00000000d5c00000)
  object space 87552K, 4% used [0x0000000081400000,0x0000000081836710,0x0000000086980000)
 Metaspace       used 20550K, capacity 21120K, committed 21248K, reserved 1067008K
  class space    used 2578K, capacity 2739K, committed 2816K, reserved 1048576K
Event: 2.083 GC heap after
Heap after GC invocations=8 (full 1):
 PSYoungGen      total 140288K, used 0K [0x00000000d5c00000, 0x00000000def00000, 0x0000000100000000)
  eden space 131584K, 0% used [0x00000000d5c00000,0x00000000d5c00000,0x00000000ddc80000)
  from space 8704K, 0% used [0x00000000ddc80000,0x00000000ddc80000,0x00000000de500000)
  to   space 7168K, 0% used [0x00000000de500000,0x00000000de500000,0x00000000dec00000)
 ParOldGen       total 43008K, used 4631K [0x0000000081400000, 0x0000000083e00000, 0x00000000d5c00000)
  object space 43008K, 10% used [0x0000000081400000,0x0000000081885c48,0x0000000083e00000)
 Metaspace       used 20548K, capacity 21114K, committed 21248K, reserved 1067008K
  class space    used 2578K, capacity 2738K, committed 2816K, reserved 1048576K
}
Event: 3.770 GC heap before
{Heap before GC invocations=9 (full 1):
 PSYoungGen      total 140288K, used 131584K [0x00000000d5c00000, 0x00000000def00000, 0x0000000100000000)
  eden space 131584K, 100% used [0x00000000d5c00000,0x00000000ddc80000,0x00000000ddc80000)
  from space 8704K, 0% used [0x00000000ddc80000,0x00000000ddc80000,0x00000000de500000)
  to   space 7168K, 0% used [0x00000000de500000,0x00000000de500000,0x00000000dec00000)
 ParOldGen       total 43008K, used 4631K [0x0000000081400000, 0x0000000083e00000, 0x00000000d5c00000)
  object space 43008K, 10% used [0x0000000081400000,0x0000000081885c48,0x0000000083e00000)
 Metaspace       used 24957K, capacity 25704K, committed 25856K, reserved 1071104K
  class space    used 3131K, capacity 3311K, committed 3328K, reserved 1048576K
Event: 3.777 GC heap after
Heap after GC invocations=9 (full 1):
 PSYoungGen      total 138240K, used 6748K [0x00000000d5c00000, 0x00000000e6100000, 0x0000000100000000)
  eden space 131072K, 0% used [0x00000000d5c00000,0x00000000d5c00000,0x00000000ddc00000)
  from space 7168K, 94% used [0x00000000de500000,0x00000000deb972a0,0x00000000dec00000)
  to   space 9216K, 0% used [0x00000000ddc00000,0x00000000ddc00000,0x00000000de500000)
 ParOldGen       total 43008K, used 4703K [0x0000000081400000, 0x0000000083e00000, 0x00000000d5c00000)
  object space 43008K, 10% used [0x0000000081400000,0x0000000081897c58,0x0000000083e00000)
 Metaspace       used 24957K, capacity 25704K, committed 25856K, reserved 1071104K
  class space    used 3131K, capacity 3311K, committed 3328K, reserved 1048576K
}

Deoptimization events (10 events):
Event: 4.017 Thread 0x000000001c86c800 Uncommon trap: reason=range_check action=none pc=0x000000000360a59c method=sun.reflect.generics.parser.SignatureParser.current()C @ 34
Event: 4.035 Thread 0x000000001c86c800 Uncommon trap: reason=range_check action=none pc=0x000000000360a59c method=sun.reflect.generics.parser.SignatureParser.current()C @ 34
Event: 4.037 Thread 0x000000001f351000 Uncommon trap: reason=range_check action=none pc=0x000000000360a59c method=sun.reflect.generics.parser.SignatureParser.current()C @ 34
Event: 4.038 Thread 0x000000001f351000 Uncommon trap: reason=range_check action=none pc=0x000000000360a59c method=sun.reflect.generics.parser.SignatureParser.current()C @ 34
Event: 4.040 Thread 0x000000001c86c800 Uncommon trap: reason=range_check action=none pc=0x000000000360a59c method=sun.reflect.generics.parser.SignatureParser.current()C @ 34
Event: 4.070 Thread 0x000000001f351000 Uncommon trap: reason=range_check action=none pc=0x000000000360a59c method=sun.reflect.generics.parser.SignatureParser.current()C @ 34
Event: 4.070 Thread 0x000000001f351000 Uncommon trap: reason=range_check action=none pc=0x000000000360a59c method=sun.reflect.generics.parser.SignatureParser.current()C @ 34
Event: 4.086 Thread 0x000000001f351000 Uncommon trap: reason=range_check action=none pc=0x000000000360a59c method=sun.reflect.generics.parser.SignatureParser.current()C @ 34
Event: 4.103 Thread 0x000000001c86c800 Uncommon trap: reason=range_check action=none pc=0x000000000360a59c method=sun.reflect.generics.parser.SignatureParser.current()C @ 34
Event: 4.103 Thread 0x000000001f351000 Uncommon trap: reason=range_check action=none pc=0x000000000360a59c method=sun.reflect.generics.parser.SignatureParser.current()C @ 34

Classes redefined (0 events):
No events

Internal exceptions (10 events):
Event: 4.017 Thread 0x000000001c86c800 Exception <a 'java/lang/ArrayIndexOutOfBoundsException': 324> (0x00000000d6a6b378) thrown at [C:\workspace\8-2-build-windows-amd64-cygwin\jdk8u192\11897\hotspot\src\share\vm\interpreter\interpreterRuntime.cpp, line 368]
Event: 4.035 Thread 0x000000001c86c800 Exception <a 'java/lang/ArrayIndexOutOfBoundsException': 298> (0x00000000d6bf31e0) thrown at [C:\workspace\8-2-build-windows-amd64-cygwin\jdk8u192\11897\hotspot\src\share\vm\interpreter\interpreterRuntime.cpp, line 368]
Event: 4.037 Thread 0x000000001f351000 Exception <a 'java/lang/ArrayIndexOutOfBoundsException': 71> (0x00000000d5dce568) thrown at [C:\workspace\8-2-build-windows-amd64-cygwin\jdk8u192\11897\hotspot\src\share\vm\interpreter\interpreterRuntime.cpp, line 368]
Event: 4.038 Thread 0x000000001f351000 Exception <a 'java/lang/ArrayIndexOutOfBoundsException': 71> (0x00000000d5dd1c98) thrown at [C:\workspace\8-2-build-windows-amd64-cygwin\jdk8u192\11897\hotspot\src\share\vm\interpreter\interpreterRuntime.cpp, line 368]
Event: 4.040 Thread 0x000000001c86c800 Exception <a 'java/lang/ArrayIndexOutOfBoundsException': 325> (0x00000000d6c47f80) thrown at [C:\workspace\8-2-build-windows-amd64-cygwin\jdk8u192\11897\hotspot\src\share\vm\interpreter\interpreterRuntime.cpp, line 368]
Event: 4.070 Thread 0x000000001f351000 Exception <a 'java/lang/ArrayIndexOutOfBoundsException': 55> (0x00000000d5dfc258) thrown at [C:\workspace\8-2-build-windows-amd64-cygwin\jdk8u192\11897\hotspot\src\share\vm\interpreter\interpreterRuntime.cpp, line 368]
Event: 4.070 Thread 0x000000001f351000 Exception <a 'java/lang/ArrayIndexOutOfBoundsException': 38> (0x00000000d5dfdb08) thrown at [C:\workspace\8-2-build-windows-amd64-cygwin\jdk8u192\11897\hotspot\src\share\vm\interpreter\interpreterRuntime.cpp, line 368]
Event: 4.086 Thread 0x000000001f351000 Exception <a 'java/lang/ArrayIndexOutOfBoundsException': 38> (0x00000000d5e2aeb0) thrown at [C:\workspace\8-2-build-windows-amd64-cygwin\jdk8u192\11897\hotspot\src\share\vm\interpreter\interpreterRuntime.cpp, line 368]
Event: 4.103 Thread 0x000000001c86c800 Exception <a 'java/lang/ArrayIndexOutOfBoundsException': 269> (0x00000000d70203f8) thrown at [C:\workspace\8-2-build-windows-amd64-cygwin\jdk8u192\11897\hotspot\src\share\vm\interpreter\interpreterRuntime.cpp, line 368]
Event: 4.103 Thread 0x000000001f351000 Exception <a 'java/lang/ArrayIndexOutOfBoundsException': 49> (0x00000000d5e3f120) thrown at [C:\workspace\8-2-build-windows-amd64-cygwin\jdk8u192\11897\hotspot\src\share\vm\interpreter\interpreterRuntime.cpp, line 368]

Events (10 events):
Event: 4.245 Thread 0x000000001c86c800 DEOPT PACKING pc=0x0000000003433954 sp=0x000000001f71b930
Event: 4.245 Thread 0x000000001c86c800 DEOPT UNPACKING pc=0x0000000003247890 sp=0x000000001f71b750 mode 1
Event: 4.246 loading class org/hibernate/boot/model/naming/PhysicalNamingStrategy
Event: 4.246 loading class org/hibernate/boot/model/naming/PhysicalNamingStrategy done
Event: 4.246 Thread 0x000000001c86c800 DEOPT PACKING pc=0x0000000003517341 sp=0x000000001f71c870
Event: 4.246 Thread 0x000000001c86c800 DEOPT UNPACKING pc=0x0000000003247890 sp=0x000000001f71c5c0 mode 1
Event: 4.246 Thread 0x000000001c86c800 DEOPT PACKING pc=0x0000000003433bbc sp=0x000000001f71c8f0
Event: 4.246 Thread 0x000000001c86c800 DEOPT UNPACKING pc=0x0000000003247890 sp=0x000000001f71c710 mode 1
Event: 4.246 Thread 0x000000001c86c800 DEOPT PACKING pc=0x0000000003433954 sp=0x000000001f71ca80
Event: 4.246 Thread 0x000000001c86c800 DEOPT UNPACKING pc=0x0000000003247890 sp=0x000000001f71c8a0 mode 1


Dynamic libraries:
0x00007ff604210000 - 0x00007ff604247000 	C:\Program Files\Java\jre1.8.0_192\bin\javaw.exe
0x00007ff9a1e90000 - 0x00007ff9a207d000 	C:\Windows\SYSTEM32\ntdll.dll
0x00007ff9a0d20000 - 0x00007ff9a0dd3000 	C:\Windows\System32\KERNEL32.DLL
0x00007ff99e730000 - 0x00007ff99e9c3000 	C:\Windows\System32\KERNELBASE.dll
0x00007ff99f3c0000 - 0x00007ff99f463000 	C:\Windows\System32\ADVAPI32.dll
0x00007ff99f320000 - 0x00007ff99f3be000 	C:\Windows\System32\msvcrt.dll
0x00007ff9a1be0000 - 0x00007ff9a1c7e000 	C:\Windows\System32\sechost.dll
0x00007ff9a0a80000 - 0x00007ff9a0ba3000 	C:\Windows\System32\RPCRT4.dll
0x00007ff9a1460000 - 0x00007ff9a15f7000 	C:\Windows\System32\USER32.dll
0x00007ff99dfc0000 - 0x00007ff99dfe0000 	C:\Windows\System32\win32u.dll
0x00007ff9a1700000 - 0x00007ff9a1729000 	C:\Windows\System32\GDI32.dll
0x00007ff99ecd0000 - 0x00007ff99ee6a000 	C:\Windows\System32\gdi32full.dll
0x00007ff99ee70000 - 0x00007ff99ef10000 	C:\Windows\System32\msvcp_win.dll
0x00007ff99ebb0000 - 0x00007ff99ecac000 	C:\Windows\System32\ucrtbase.dll
0x00007ff98f750000 - 0x00007ff98f9c9000 	C:\Windows\WinSxS\amd64_microsoft.windows.common-controls_6595b64144ccf1df_6.0.17763.134_none_05b3373a07211a5c\COMCTL32.dll
0x00007ff9a18b0000 - 0x00007ff9a1bdd000 	C:\Windows\System32\combase.dll
0x00007ff99f010000 - 0x00007ff99f08e000 	C:\Windows\System32\bcryptPrimitives.dll
0x00007ff9a17b0000 - 0x00007ff9a17de000 	C:\Windows\System32\IMM32.DLL
0x0000000055eb0000 - 0x0000000055f81000 	C:\Program Files\Java\jre1.8.0_192\bin\msvcr100.dll
0x00000000549e0000 - 0x0000000055283000 	C:\Program Files\Java\jre1.8.0_192\bin\server\jvm.dll
0x00007ff9a17a0000 - 0x00007ff9a17a8000 	C:\Windows\System32\PSAPI.DLL
0x00007ff99a980000 - 0x00007ff99a989000 	C:\Windows\SYSTEM32\WSOCK32.dll
0x00007ff994520000 - 0x00007ff99452a000 	C:\Windows\SYSTEM32\VERSION.dll
0x00007ff9a1730000 - 0x00007ff9a179d000 	C:\Windows\System32\WS2_32.dll
0x00007ff99c0d0000 - 0x00007ff99c0f4000 	C:\Windows\SYSTEM32\WINMM.dll
0x00007ff99c0a0000 - 0x00007ff99c0cd000 	C:\Windows\SYSTEM32\WINMMBASE.dll
0x00007ff99efc0000 - 0x00007ff99f00a000 	C:\Windows\System32\cfgmgr32.dll
0x00007ff999da0000 - 0x00007ff999daf000 	C:\Program Files\Java\jre1.8.0_192\bin\verify.dll
0x00007ff998ff0000 - 0x00007ff999019000 	C:\Program Files\Java\jre1.8.0_192\bin\java.dll
0x00007ff98c870000 - 0x00007ff98c8a5000 	C:\Program Files\Java\jre1.8.0_192\bin\jdwp.dll
0x00007ff999e50000 - 0x00007ff999e58000 	C:\Program Files\Java\jre1.8.0_192\bin\npt.dll
0x00007ff998da0000 - 0x00007ff998dc3000 	C:\Program Files\Java\jre1.8.0_192\bin\instrument.dll
0x00007ff998fd0000 - 0x00007ff998fe6000 	C:\Program Files\Java\jre1.8.0_192\bin\zip.dll
0x00007ff99f580000 - 0x00007ff9a0a6f000 	C:\Windows\System32\SHELL32.dll
0x00007ff99f270000 - 0x00007ff99f318000 	C:\Windows\System32\shcore.dll
0x00007ff99dfe0000 - 0x00007ff99e728000 	C:\Windows\System32\windows.storage.dll
0x00007ff99df10000 - 0x00007ff99df34000 	C:\Windows\System32\profapi.dll
0x00007ff99de90000 - 0x00007ff99deed000 	C:\Windows\System32\powrprof.dll
0x00007ff9a1c80000 - 0x00007ff9a1cd2000 	C:\Windows\System32\shlwapi.dll
0x00007ff99def0000 - 0x00007ff99df01000 	C:\Windows\System32\kernel.appcore.dll
0x00007ff99ecb0000 - 0x00007ff99ecc7000 	C:\Windows\System32\cryptsp.dll
0x00007ff9987c0000 - 0x00007ff9987c9000 	C:\Program Files\Java\jre1.8.0_192\bin\dt_socket.dll
0x00007ff98c280000 - 0x00007ff98c296000 	C:\Windows\system32\napinsp.dll
0x00007ff98c480000 - 0x00007ff98c49a000 	C:\Windows\system32\pnrpnsp.dll
0x00007ff99d6d0000 - 0x00007ff99d737000 	C:\Windows\System32\mswsock.dll
0x00007ff99d490000 - 0x00007ff99d556000 	C:\Windows\SYSTEM32\DNSAPI.dll
0x00007ff9a0a70000 - 0x00007ff9a0a78000 	C:\Windows\System32\NSI.dll
0x00007ff99d440000 - 0x00007ff99d47d000 	C:\Windows\SYSTEM32\IPHLPAPI.DLL
0x00007ff98d470000 - 0x00007ff98d47e000 	C:\Windows\System32\winrnr.dll
0x00007ff99a950000 - 0x00007ff99a96b000 	C:\Windows\system32\NLAapi.dll
0x00007ff98d7e0000 - 0x00007ff98d7f5000 	C:\Windows\system32\wshbth.dll
0x00007ff998220000 - 0x00007ff998299000 	C:\Windows\System32\fwpuclnt.dll
0x00007ff99f090000 - 0x00007ff99f0b6000 	C:\Windows\System32\bcrypt.dll
0x00007ff995930000 - 0x00007ff99593a000 	C:\Windows\System32\rasadhlp.dll
0x00007ff998c70000 - 0x00007ff998c7d000 	C:\Program Files\Java\jre1.8.0_192\bin\management.dll
0x00007ff998fb0000 - 0x00007ff998fca000 	C:\Program Files\Java\jre1.8.0_192\bin\net.dll
0x00007ff998f90000 - 0x00007ff998fa1000 	C:\Program Files\Java\jre1.8.0_192\bin\nio.dll

VM Arguments:
jvm_args: -agentlib:jdwp=transport=dt_socket,suspend=y,address=localhost:52679 -javaagent:C:\Users\817124596\.eclipse\org.eclipse.platform_4.9.0_867647348_win32_win32_x86_64\configuration\org.eclipse.osgi\419\0\.cp\lib\javaagent-shaded.jar -Dfile.encoding=UTF-8 
java_command: br.usjt.previsao_tempo.PrevisaoTempoApplication
java_class_path (initial): C:\Users\817124596\Downloads\ccp3an_mca_app_previsoes-master\previsao_tempo\target\classes;C:\Users\817124596\.m2\repository\org\springframework\boot\spring-boot-starter-data-jpa\2.2.0.BUILD-SNAPSHOT\spring-boot-starter-data-jpa-2.2.0.BUILD-SNAPSHOT.jar;C:\Users\817124596\.m2\repository\org\springframework\boot\spring-boot-starter-aop\2.2.0.BUILD-SNAPSHOT\spring-boot-starter-aop-2.2.0.BUILD-SNAPSHOT.jar;C:\Users\817124596\.m2\repository\org\springframework\spring-aop\5.1.5.RELEASE\spring-aop-5.1.5.RELEASE.jar;C:\Users\817124596\.m2\repository\org\aspectj\aspectjweaver\1.9.2\aspectjweaver-1.9.2.jar;C:\Users\817124596\.m2\repository\org\springframework\boot\spring-boot-starter-jdbc\2.2.0.BUILD-SNAPSHOT\spring-boot-starter-jdbc-2.2.0.BUILD-SNAPSHOT.jar;C:\Users\817124596\.m2\repository\com\zaxxer\HikariCP\3.3.1\HikariCP-3.3.1.jar;C:\Users\817124596\.m2\repository\org\springframework\spring-jdbc\5.1.5.RELEASE\spring-jdbc-5.1.5.RELEASE.jar;C:\Users\817124596\.m2\repository\jakarta\activation\jakarta.activation-api\1.2.1\jakarta.activation-api-1.2.1.jar;C:\Users\817124596\.m2\repository\jakarta\persistence\jakarta.persistence-api\2.2.2\jakarta.persistence-api-2.2.2.jar;C:\Users\817124596\.m2\repository\jakarta\transaction\jakarta.transaction-api\1.3.2\jakarta.transaction-api-1.3.2.jar;C:\Users\817124596\.m2\repository\org\hibernate\hibernate-core\5.4.0.Final\hibernate-core-5.4.0.Final.jar;C:\Users\817124596\.m2\repository\org\jboss\logging\jboss-logging\3.3.2.Final\jboss-logging-3.3.2.Final.jar;C:\Users\817124596\.m2\repository\org\javassist\javassist\3.24.0-GA\javassist-3.24.0-GA.jar;C:\Users\817124596\.m2\repository\net\bytebuddy\byte-buddy\1.9.10\byte-buddy-1.9.10.jar;C:\Users\817124596\.m2\repository\antlr\antlr\2.7.7\antlr-2.7.7.jar;C:\Users\817124596\.m2\repository\org\jboss\jandex\2.0.5.Final\jandex-2.0.5.Final.jar;C:\Users\817124596\.m2\repository\com\fasterxml\classmate\1.4.0\classmate-1.4.0.jar;C:\Users\817124596\.m2\repository\org\d
Launcher Type: SUN_STANDARD

Environment Variables:
JAVA_HOME=C:\Program Files\Java\jdk1.8.0_192
CLASSPATH=C:\Program Files\Java\jdk1.8.0_192\lib;C:\Program Files\Java\jdk1.8.0_192\lib\tools.jar;C:\Program Files\Java\jdk1.8.0_192\lib\dt.jar;
PATH=C:/Program Files/Java/jre1.8.0_192/bin/server;C:/Program Files/Java/jre1.8.0_192/bin;C:/Program Files/Java/jre1.8.0_192/lib/amd64;C:\ProgramData\DockerDesktop\version-bin;C:\Program Files\Docker\Docker\Resources\bin;C:\Program Files\Rockwell Software\RSCommon;C:\Program Files (x86)\Common Files\Oracle\Java\javapath;C:\Windows\system32;C:\Windows;C:\Windows\System32\Wbem;C:\Windows\System32\WindowsPowerShell\v1.0\;C:\Windows\System32\OpenSSH\;C:\Program Files\Java\jdk1.8.0_192\bin;C:\Program Files (x86)\Brackets\command;C:\Program Files\Common Files\Autodesk Shared\;C:\Program Files\Microsoft SQL Server\120\Tools\Binn\;C:\Program Files\nodejs\;C:\Users\arqdsis\AppData\Local\Android\Sdk\tools;C:\Users\arqdsis\AppData\Local\Android\Sdk\platform-tools;C:\Program Files\Git\cmd;C:\Users\817124596\AppData\Local\Microsoft\WindowsApps;;C:\Program Files\Eclipse\eclipse;
USERNAME=817124596
OS=Windows_NT
PROCESSOR_IDENTIFIER=Intel64 Family 6 Model 60 Stepping 3, GenuineIntel



---------------  S Y S T E M  ---------------

OS: Windows 10.0 , 64 bit Build 17763 (10.0.17763.1)

CPU:total 4 (initial active 4) (4 cores per cpu, 1 threads per core) family 6 model 60 stepping 3, cmov, cx8, fxsr, mmx, sse, sse2, sse3, ssse3, sse4.1, sse4.2, popcnt, avx, avx2, aes, clmul, erms, lzcnt, tsc, tscinvbit, bmi1, bmi2

Memory: 4k page, physical 8305200k(277664k free), swap 12499504k(9280k free)

vm_info: Java HotSpot(TM) 64-Bit Server VM (25.192-b12) for windows-amd64 JRE (1.8.0_192-b12), built on Oct  6 2018 17:12:23 by "java_re" with MS VC++ 10.0 (VS2010)

time: Fri Mar 08 18:22:02 2019
timezone: Hora oficial do Brasil
elapsed time: 4 seconds (0d 0h 0m 4s)

